<?xml version="1.0" encoding="UTF-8"?>
<!-- Generated by org.testng.reporters.JUnitReportReporter -->
<testsuite hostname="Avanish" failures="0" tests="2" name="TestNg.AnnotationTest" time="0.017" errors="0" timestamp="2024-04-08T13:29:17 IST" skipped="0">
  <testcase classname="TestNg.AnnotationTest" name="executescript1" time="0.014"/>
  <system-out/>
  <testcase classname="TestNg.AnnotationTest" name="executescript2" time="0.003"/>
  <system-out/>
</testsuite> <!-- TestNg.AnnotationTest -->
