<?xml version="1.0" encoding="UTF-8"?>
<!-- Generated by org.testng.reporters.JUnitReportReporter -->
<testsuite hostname="Avanish" failures="0" tests="1" name="DoctorTestGenericUtility.DoctorEditPatientProfileTest" time="17.170" errors="0" timestamp="2024-04-08T15:57:01 IST" skipped="0">
  <testcase classname="DoctorTestGenericUtility.DoctorEditPatientProfileTest" name="EditPatientProfileDoctorTest" time="17.170"/>
  <system-out/>
</testsuite> <!-- DoctorTestGenericUtility.DoctorEditPatientProfileTest -->
