<?xml version="1.0" encoding="UTF-8"?>
<!-- Generated by org.testng.reporters.JUnitReportReporter -->
<testsuite hostname="Avanish" failures="0" tests="1" name="DoctorTestGenericUtility.addingPatientTest" time="18.371" errors="0" timestamp="2024-04-08T15:58:21 IST" skipped="0">
  <testcase classname="DoctorTestGenericUtility.addingPatientTest" name="PatienaddtTest" time="18.371"/>
  <system-out/>
</testsuite> <!-- DoctorTestGenericUtility.addingPatientTest -->
