<?xml version="1.0" encoding="UTF-8"?>
<!-- Generated by org.testng.reporters.JUnitReportReporter -->
<testsuite hostname="Avanish" failures="0" tests="1" name="AdminTestGenericUtility.ValidateThePatientTest" time="9.624" errors="0" timestamp="2024-04-12T15:04:39 IST" skipped="0">
  <testcase classname="AdminTestGenericUtility.ValidateThePatientTest" name="ThePatientValidateTest" time="9.624"/>
  <system-out/>
</testsuite> <!-- AdminTestGenericUtility.ValidateThePatientTest -->
