<?xml version="1.0" encoding="UTF-8"?>
<!-- Generated by org.testng.reporters.JUnitReportReporter -->
<testsuite hostname="Avanish" failures="0" tests="1" name="AdminTest.ValidateThePatientTest" time="13.574" errors="0" timestamp="2024-04-08T14:47:50 IST" skipped="0">
  <testcase classname="AdminTest.ValidateThePatientTest" name="ThePatientValidateTest" time="13.574"/>
  <system-out/>
</testsuite> <!-- AdminTest.ValidateThePatientTest -->
